<?xml version="1.0" encoding="UTF-8"?>
<!-- Generated by org.testng.reporters.JUnitReportReporter -->
<testsuite hostname="DESKTOP-429CCB1" failures="0" tests="1" name="Testrunner.TestSuiterunner" time="67.956" errors="0" timestamp="04 Feb 2023 07:34:46 GMT" skipped="0">
  <testcase classname="Testrunner.TestSuiterunner" name="runScenario" time="67.956"/>
</testsuite> <!-- Testrunner.TestSuiterunner -->
